2016-08-22 15:26:12,352 [INFO] from play.core.server.NettyServer in pool-4-thread-5 - Listening for HTTP on /0:0:0:0:0:0:0:0:9005
2016-08-22 15:26:34,854 [INFO] from application in ForkJoinPool-1-worker-1 - Creating Pool for datasource 'default'
2016-08-22 15:26:34,931 [INFO] from application in ForkJoinPool-1-worker-1 - Creating Pool for datasource 'default'
2016-08-22 15:26:34,984 [ERROR] from application in netty-event-loop-3 - 

! @716fenmma - Internal server error, for (GET) [/] ->
 
play.api.Configuration$$anon$1: Configuration error[Cannot connect to database [default]]
	at play.api.Configuration$.configError(Configuration.scala:154)
	at play.api.Configuration.reportError(Configuration.scala:806)
	at play.api.db.DefaultDBApi$$anonfun$connect$1.apply(DefaultDBApi.scala:48)
	at play.api.db.DefaultDBApi$$anonfun$connect$1.apply(DefaultDBApi.scala:42)
	at scala.collection.immutable.List.foreach(List.scala:381)
	at play.api.db.DefaultDBApi.connect(DefaultDBApi.scala:42)
	at play.api.db.DBApiProvider.get$lzycompute(DBModule.scala:72)
	at play.api.db.DBApiProvider.get(DBModule.scala:62)
	at play.api.db.DBApiProvider.get(DBModule.scala:58)
	at com.google.inject.internal.ProviderInternalFactory.provision(ProviderInternalFactory.java:81)
	at com.google.inject.internal.BoundProviderFactory.provision(BoundProviderFactory.java:72)
	at com.google.inject.internal.ProviderInternalFactory.circularGet(ProviderInternalFactory.java:61)
	at com.google.inject.internal.BoundProviderFactory.get(BoundProviderFactory.java:62)
	at com.google.inject.internal.SingleFieldInjector.inject(SingleFieldInjector.java:54)
	at com.google.inject.internal.MembersInjectorImpl.injectMembers(MembersInjectorImpl.java:132)
	at com.google.inject.internal.MembersInjectorImpl$1.call(MembersInjectorImpl.java:93)
	at com.google.inject.internal.MembersInjectorImpl$1.call(MembersInjectorImpl.java:80)
	at com.google.inject.internal.InjectorImpl.callInContext(InjectorImpl.java:1103)
	at com.google.inject.internal.MembersInjectorImpl.injectAndNotify(MembersInjectorImpl.java:80)
	at com.google.inject.internal.MembersInjectorImpl.injectMembers(MembersInjectorImpl.java:62)
	at com.google.inject.internal.InjectorImpl.injectMembers(InjectorImpl.java:984)
	at com.google.inject.util.Providers$GuicifiedProviderWithDependencies.initialize(Providers.java:149)
	at com.google.inject.util.Providers$GuicifiedProviderWithDependencies$$FastClassByGuice$$2a7177aa.invoke(<generated>)
	at com.google.inject.internal.cglib.reflect.$FastMethod.invoke(FastMethod.java:53)
	at com.google.inject.internal.SingleMethodInjector$1.invoke(SingleMethodInjector.java:57)
	at com.google.inject.internal.SingleMethodInjector.inject(SingleMethodInjector.java:91)
	at com.google.inject.internal.MembersInjectorImpl.injectMembers(MembersInjectorImpl.java:132)
	at com.google.inject.internal.MembersInjectorImpl$1.call(MembersInjectorImpl.java:93)
	at com.google.inject.internal.MembersInjectorImpl$1.call(MembersInjectorImpl.java:80)
	at com.google.inject.internal.InjectorImpl.callInContext(InjectorImpl.java:1092)
	at com.google.inject.internal.MembersInjectorImpl.injectAndNotify(MembersInjectorImpl.java:80)
	at com.google.inject.internal.Initializer$InjectableReference.get(Initializer.java:174)
	at com.google.inject.internal.Initializer.injectAll(Initializer.java:108)
	at com.google.inject.internal.InternalInjectorCreator.injectDynamically(InternalInjectorCreator.java:174)
	at com.google.inject.internal.InternalInjectorCreator.build(InternalInjectorCreator.java:110)
	at com.google.inject.Guice.createInjector(Guice.java:96)
	at com.google.inject.Guice.createInjector(Guice.java:84)
	at play.api.inject.guice.GuiceBuilder.injector(GuiceInjectorBuilder.scala:181)
	at play.api.inject.guice.GuiceApplicationBuilder.build(GuiceApplicationBuilder.scala:123)
	at play.api.inject.guice.GuiceApplicationLoader.load(GuiceApplicationLoader.scala:21)
	at play.core.server.DevServerStart$$anonfun$mainDev$1$$anon$1$$anonfun$get$1$$anonfun$apply$1$$anonfun$1$$anonfun$2.apply(DevServerStart.scala:158)
	at play.core.server.DevServerStart$$anonfun$mainDev$1$$anon$1$$anonfun$get$1$$anonfun$apply$1$$anonfun$1$$anonfun$2.apply(DevServerStart.scala:155)
	at play.utils.Threads$.withContextClassLoader(Threads.scala:21)
	at play.core.server.DevServerStart$$anonfun$mainDev$1$$anon$1$$anonfun$get$1$$anonfun$apply$1$$anonfun$1.apply(DevServerStart.scala:155)
	at play.core.server.DevServerStart$$anonfun$mainDev$1$$anon$1$$anonfun$get$1$$anonfun$apply$1$$anonfun$1.apply(DevServerStart.scala:126)
	at scala.Option.map(Option.scala:146)
	at play.core.server.DevServerStart$$anonfun$mainDev$1$$anon$1$$anonfun$get$1$$anonfun$apply$1.apply(DevServerStart.scala:126)
	at play.core.server.DevServerStart$$anonfun$mainDev$1$$anon$1$$anonfun$get$1$$anonfun$apply$1.apply(DevServerStart.scala:124)
	at scala.util.Success.flatMap(Try.scala:231)
	at play.core.server.DevServerStart$$anonfun$mainDev$1$$anon$1$$anonfun$get$1.apply(DevServerStart.scala:124)
	at play.core.server.DevServerStart$$anonfun$mainDev$1$$anon$1$$anonfun$get$1.apply(DevServerStart.scala:116)
	at scala.concurrent.impl.Future$PromiseCompletingRunnable.liftedTree1$1(Future.scala:24)
	at scala.concurrent.impl.Future$PromiseCompletingRunnable.run(Future.scala:24)
	at java.util.concurrent.ForkJoinTask$RunnableExecuteAction.exec(ForkJoinTask.java:1402)
	at java.util.concurrent.ForkJoinTask.doExec(ForkJoinTask.java:289)
	at java.util.concurrent.ForkJoinPool$WorkQueue.runTask(ForkJoinPool.java:1056)
	at java.util.concurrent.ForkJoinPool.runWorker(ForkJoinPool.java:1692)
	at java.util.concurrent.ForkJoinWorkerThread.run(ForkJoinWorkerThread.java:157)
Caused by: play.api.Configuration$$anon$1: Configuration error[Driver org.postgresql.Driver claims to not accept JDBC URL jdbc:postgres://lxtkhndmgwamkb:cVYyr8KnA2fOFeC_KZ68mfdrt0@ec2-54-235-240-76.compute-1.amazonaws.com:5432/dcnddqnfggdg4]
	at play.api.Configuration$.configError(Configuration.scala:154)
	at play.api.PlayConfig.reportError(Configuration.scala:996)
	at play.api.db.HikariCPConnectionPool.create(HikariCPModule.scala:69)
	at play.api.db.PooledDatabase.createDataSource(Databases.scala:200)
	at play.api.db.DefaultDatabase.dataSource$lzycompute(Databases.scala:124)
	at play.api.db.DefaultDatabase.dataSource(Databases.scala:122)
	at play.api.db.DefaultDatabase.getConnection(Databases.scala:143)
	at play.api.db.DefaultDatabase.getConnection(Databases.scala:139)
	at play.api.db.DefaultDBApi$$anonfun$connect$1.apply(DefaultDBApi.scala:44)
	... 55 common frames omitted
Caused by: java.lang.RuntimeException: Driver org.postgresql.Driver claims to not accept JDBC URL jdbc:postgres://lxtkhndmgwamkb:cVYyr8KnA2fOFeC_KZ68mfdrt0@ec2-54-235-240-76.compute-1.amazonaws.com:5432/dcnddqnfggdg4
	at com.zaxxer.hikari.util.DriverDataSource.<init>(DriverDataSource.java:84)
	at com.zaxxer.hikari.pool.PoolBase.initializeDataSource(PoolBase.java:296)
	at com.zaxxer.hikari.pool.PoolBase.<init>(PoolBase.java:84)
	at com.zaxxer.hikari.pool.HikariPool.<init>(HikariPool.java:102)
	at com.zaxxer.hikari.HikariDataSource.<init>(HikariDataSource.java:71)
	at play.api.db.HikariCPConnectionPool$$anonfun$1.apply(HikariCPModule.scala:58)
	at play.api.db.HikariCPConnectionPool$$anonfun$1.apply(HikariCPModule.scala:54)
	at scala.util.Try$.apply(Try.scala:192)
	at play.api.db.HikariCPConnectionPool.create(HikariCPModule.scala:54)
	... 61 common frames omitted
